<?xml version="1.0" encoding="UTF-8"?>
<testng-results skipped="0" failed="0" ignored="0" total="1" passed="1">
  <reporter-output>
  </reporter-output>
  <suite name="Surefire suite" duration-ms="25691" started-at="2021-07-21T17:40:38Z" finished-at="2021-07-21T17:41:04Z">
    <groups>
    </groups>
    <test name="Surefire test" duration-ms="25691" started-at="2021-07-21T17:40:38Z" finished-at="2021-07-21T17:41:04Z">
      <class name="Access.Pay.AppTest">
        <test-method status="PASS" signature="testApp()" name="testApp" duration-ms="12" started-at="2021-07-21T17:40:38Z" finished-at="2021-07-21T17:40:39Z">
          <reporter-output>
          </reporter-output>
        </test-method> <!-- testApp -->
      </class> <!-- Access.Pay.AppTest -->
    </test> <!-- Surefire test -->
  </suite> <!-- Surefire suite -->
</testng-results>
