<?xml version="1.0" encoding="UTF-8"?>
<testng-results skipped="0" failed="0" ignored="0" total="1" passed="1">
  <reporter-output>
  </reporter-output>
  <suite name="Surefire suite" duration-ms="29" started-at="2021-07-21T17:32:10Z" finished-at="2021-07-21T17:32:10Z">
    <groups>
    </groups>
    <test name="Surefire test" duration-ms="29" started-at="2021-07-21T17:32:10Z" finished-at="2021-07-21T17:32:10Z">
      <class name="Access.Pay.AppTest">
        <test-method status="PASS" signature="testApp()[pri:0, instance:testApp(Access.Pay.AppTest)]" name="testApp" duration-ms="6" started-at="2021-07-21T17:32:10Z" finished-at="2021-07-21T17:32:10Z">
          <reporter-output>
          </reporter-output>
        </test-method> <!-- testApp -->
      </class> <!-- Access.Pay.AppTest -->
    </test> <!-- Surefire test -->
  </suite> <!-- Surefire suite -->
</testng-results>
